0 info it worked if it ends with ok
1 verbose cli [ '/Users/briangerimeraz/.nvm/versions/node/v5.7.1/bin/node',
1 verbose cli   '/Users/briangerimeraz/.nvm/versions/node/v5.7.1/bin/npm',
1 verbose cli   'owner',
1 verbose cli   'ls',
1 verbose cli   'phunwarepwa' ]
2 info using npm@3.8.1
3 info using node@v5.7.1
4 silly mapToRegistry name phunwarepwa
5 silly mapToRegistry using default registry
6 silly mapToRegistry registry https://registry.npmjs.org/
7 silly mapToRegistry uri https://registry.npmjs.org/phunwarepwa
8 verbose request uri https://registry.npmjs.org/phunwarepwa
9 verbose request no auth needed
10 info attempt registry request try #1 at 4:56:13 PM
11 verbose request id e8d245daa9433124
12 http request GET https://registry.npmjs.org/phunwarepwa
13 http 404 https://registry.npmjs.org/phunwarepwa
14 verbose headers { 'content-type': 'application/json',
14 verbose headers   'cache-control': 'max-age=0',
14 verbose headers   'content-length': '2',
14 verbose headers   'accept-ranges': 'bytes',
14 verbose headers   date: 'Tue, 12 Apr 2016 23:56:13 GMT',
14 verbose headers   via: '1.1 varnish',
14 verbose headers   age: '0',
14 verbose headers   connection: 'keep-alive',
14 verbose headers   'x-served-by': 'cache-sjc3120-SJC',
14 verbose headers   'x-cache': 'MISS',
14 verbose headers   'x-cache-hits': '0',
14 verbose headers   'x-timer': 'S1460505373.180916,VS0,VE91',
14 verbose headers   vary: 'Accept-Encoding' }
15 silly get cb [ 404,
15 silly get   { 'content-type': 'application/json',
15 silly get     'cache-control': 'max-age=0',
15 silly get     'content-length': '2',
15 silly get     'accept-ranges': 'bytes',
15 silly get     date: 'Tue, 12 Apr 2016 23:56:13 GMT',
15 silly get     via: '1.1 varnish',
15 silly get     age: '0',
15 silly get     connection: 'keep-alive',
15 silly get     'x-served-by': 'cache-sjc3120-SJC',
15 silly get     'x-cache': 'MISS',
15 silly get     'x-cache-hits': '0',
15 silly get     'x-timer': 'S1460505373.180916,VS0,VE91',
15 silly get     vary: 'Accept-Encoding' } ]
16 error owner ls Couldn't get owner data phunwarepwa
17 verbose stack Error: Registry returned 404 for GET on https://registry.npmjs.org/phunwarepwa
17 verbose stack     at makeError (/Users/briangerimeraz/.nvm/versions/node/v5.7.1/lib/node_modules/npm/node_modules/npm-registry-client/lib/request.js:264:12)
17 verbose stack     at CachingRegistryClient.<anonymous> (/Users/briangerimeraz/.nvm/versions/node/v5.7.1/lib/node_modules/npm/node_modules/npm-registry-client/lib/request.js:242:14)
17 verbose stack     at Request._callback (/Users/briangerimeraz/.nvm/versions/node/v5.7.1/lib/node_modules/npm/node_modules/npm-registry-client/lib/request.js:172:14)
17 verbose stack     at Request.self.callback (/Users/briangerimeraz/.nvm/versions/node/v5.7.1/lib/node_modules/npm/node_modules/request/request.js:199:22)
17 verbose stack     at emitTwo (events.js:100:13)
17 verbose stack     at Request.emit (events.js:185:7)
17 verbose stack     at Request.<anonymous> (/Users/briangerimeraz/.nvm/versions/node/v5.7.1/lib/node_modules/npm/node_modules/request/request.js:1036:10)
17 verbose stack     at emitOne (events.js:95:20)
17 verbose stack     at Request.emit (events.js:182:7)
17 verbose stack     at IncomingMessage.<anonymous> (/Users/briangerimeraz/.nvm/versions/node/v5.7.1/lib/node_modules/npm/node_modules/request/request.js:963:12)
18 verbose statusCode 404
19 verbose pkgid phunwarepwa
20 verbose cwd /Users/briangerimeraz/phunwarepwa
21 error Darwin 15.4.0
22 error argv "/Users/briangerimeraz/.nvm/versions/node/v5.7.1/bin/node" "/Users/briangerimeraz/.nvm/versions/node/v5.7.1/bin/npm" "owner" "ls" "phunwarepwa"
23 error node v5.7.1
24 error npm  v3.8.1
25 error code E404
26 error 404 Registry returned 404 for GET on https://registry.npmjs.org/phunwarepwa
27 error 404
28 error 404 'phunwarepwa' is not in the npm registry.
29 error 404 You should bug the author to publish it (or use the name yourself!)
30 error 404 Note that you can also install from a
31 error 404 tarball, folder, http url, or git url.
32 verbose exit [ 1, true ]
